<?xml version="1.0" encoding="UTF-8"?>
<Site BuildName="(empty)"
	BuildStamp="20180924-1516-Experimental"
	Name="(empty)"
	Generator="ctest-3.10.2"
	CompilerName=""
	CompilerVersion=""
	OSName="Linux"
	Hostname="luciana"
	OSRelease="4.15.0-34-generic"
	OSVersion="#37-Ubuntu SMP Mon Aug 27 15:21:48 UTC 2018"
	OSPlatform="x86_64"
	Is64Bits="1"
	VendorString="GenuineIntel"
	VendorID="Intel Corporation"
	FamilyID="6"
	ModelID="61"
	ProcessorCacheSize="3072"
	NumberOfLogicalCPU="4"
	NumberOfPhysicalCPU="2"
	TotalVirtualMemory="18112"
	TotalPhysicalMemory="7857"
	LogicalProcessorsPerPhysical="2"
	ProcessorClockFrequency="2414.1"
	>
	<Testing>
		<StartDateTime>Sep 24 22:16 +07</StartDateTime>
		<StartTestTime>1537802211</StartTestTime>
		<TestList/>
		<EndDateTime>Sep 24 22:16 +07</EndDateTime>
		<EndTestTime>1537802211</EndTestTime>
		<ElapsedMinutes>0</ElapsedMinutes>
	</Testing>
</Site>
